[2025-05-17T19:23:41.649Z] ReferenceError: UsuarioModel is not defined
    at Usuario.criar (file:///C:/Users/amand/OneDrive/Documentos/GitHub/Projeto1-BackEnd/models/usuarios.js:12:23)
    at main (file:///C:/Users/amand/OneDrive/Documentos/GitHub/Projeto1-BackEnd/index.js:9:37)
    at file:///C:/Users/amand/OneDrive/Documentos/GitHub/Projeto1-BackEnd/index.js:32:1
    at ModuleJob.run (node:internal/modules/esm/module_job:274:25)
    at async onImport.tracePromise.__proto__ (node:internal/modules/esm/loader:644:26)
    at async asyncRunEntryPointWithESMLoader (node:internal/modules/run_main:116:5)
[2025-05-17T19:24:37.513Z] ReferenceError: UsuarioModel is not defined
    at Usuario.criar (file:///C:/Users/amand/OneDrive/Documentos/GitHub/Projeto1-BackEnd/models/usuarios.js:12:23)
    at main (file:///C:/Users/amand/OneDrive/Documentos/GitHub/Projeto1-BackEnd/index.js:9:37)
    at file:///C:/Users/amand/OneDrive/Documentos/GitHub/Projeto1-BackEnd/index.js:32:1
    at ModuleJob.run (node:internal/modules/esm/module_job:274:25)
    at async onImport.tracePromise.__proto__ (node:internal/modules/esm/loader:644:26)
    at async asyncRunEntryPointWithESMLoader (node:internal/modules/run_main:116:5)
[2025-05-17T19:29:06.565Z] ReferenceError: FotoModel is not defined
    at Foto.criar (file:///C:/Users/amand/OneDrive/Documentos/GitHub/Projeto1-BackEnd/models/foto.js:13:20)
    at main (file:///C:/Users/amand/OneDrive/Documentos/GitHub/Projeto1-BackEnd/index.js:12:31)
    at process.processTicksAndRejections (node:internal/process/task_queues:105:5)
[2025-05-17T19:30:20.326Z] MongoServerError: E11000 duplicate key error collection: projeto_fotos.usuarios index: email_1 dup key: { email: "joaosilva@mail.com" }
    at InsertOneOperation.execute (C:\Users\amand\OneDrive\Documentos\GitHub\Projeto1-BackEnd\node_modules\mongodb\lib\operations\insert.js:51:19)
    at process.processTicksAndRejections (node:internal/process/task_queues:105:5)
    at async tryOperation (C:\Users\amand\OneDrive\Documentos\GitHub\Projeto1-BackEnd\node_modules\mongodb\lib\operations\execute_operation.js:207:20)
    at async executeOperation (C:\Users\amand\OneDrive\Documentos\GitHub\Projeto1-BackEnd\node_modules\mongodb\lib\operations\execute_operation.js:75:16)
    at async Collection.insertOne (C:\Users\amand\OneDrive\Documentos\GitHub\Projeto1-BackEnd\node_modules\mongodb\lib\collection.js:157:16)
[2025-05-17T19:30:57.405Z] MongoServerError: E11000 duplicate key error collection: projeto_fotos.usuarios index: email_1 dup key: { email: "joaosilva@mail.com" }
    at InsertOneOperation.execute (C:\Users\amand\OneDrive\Documentos\GitHub\Projeto1-BackEnd\node_modules\mongodb\lib\operations\insert.js:51:19)
    at process.processTicksAndRejections (node:internal/process/task_queues:105:5)
    at async tryOperation (C:\Users\amand\OneDrive\Documentos\GitHub\Projeto1-BackEnd\node_modules\mongodb\lib\operations\execute_operation.js:207:20)
    at async executeOperation (C:\Users\amand\OneDrive\Documentos\GitHub\Projeto1-BackEnd\node_modules\mongodb\lib\operations\execute_operation.js:75:16)
    at async Collection.insertOne (C:\Users\amand\OneDrive\Documentos\GitHub\Projeto1-BackEnd\node_modules\mongodb\lib\collection.js:157:16)
[2025-05-17T19:39:57.177Z] MongoServerError: E11000 duplicate key error collection: projeto_fotos.usuarios index: email_1 dup key: { email: "opa@mail.com" }
    at InsertOneOperation.execute (C:\Users\amand\OneDrive\Documentos\GitHub\Projeto1-BackEnd\node_modules\mongodb\lib\operations\insert.js:51:19)
    at process.processTicksAndRejections (node:internal/process/task_queues:105:5)
    at async tryOperation (C:\Users\amand\OneDrive\Documentos\GitHub\Projeto1-BackEnd\node_modules\mongodb\lib\operations\execute_operation.js:207:20)
    at async executeOperation (C:\Users\amand\OneDrive\Documentos\GitHub\Projeto1-BackEnd\node_modules\mongodb\lib\operations\execute_operation.js:75:16)
    at async Collection.insertOne (C:\Users\amand\OneDrive\Documentos\GitHub\Projeto1-BackEnd\node_modules\mongodb\lib\collection.js:157:16)
